<?xml version="1.0" encoding="UTF-8"?>
<!-- Generated by org.testng.reporters.JUnitReportReporter -->
<testsuite hostname="EC2AMAZ-JOSNI6E" name="WebApp.FacebookAutomation.BaseClass.WebBaseTest" tests="1" failures="0" timestamp="29 Aug 2021 09:10:57 GMT" time="2.740" errors="0">
  <testcase name="init" time="2.740" classname="WebApp.FacebookAutomation.BaseClass.WebBaseTest"/>
</testsuite> <!-- WebApp.FacebookAutomation.BaseClass.WebBaseTest -->
