<?xml version="1.0" encoding="UTF-8"?>
<!-- Generated by org.testng.reporters.JUnitReportReporter -->
<testsuite hostname="EC2AMAZ-JOSNI6E" name="WebApp.FacebookAutomation.BaseClass.WebBaseTestTest" tests="1" failures="0" timestamp="29 Aug 2021 08:54:17 GMT" time="0.011" errors="0">
  <testcase name="f" time="0.011" classname="WebApp.FacebookAutomation.BaseClass.WebBaseTestTest"/>
</testsuite> <!-- WebApp.FacebookAutomation.BaseClass.WebBaseTestTest -->
