<?xml version="1.0" encoding="UTF-8"?>
<!-- Generated by org.testng.reporters.JUnitReportReporter -->
<testsuite hostname="EC2AMAZ-JOSNI6E" name="WebApp.FacebookAutomation.FBLoginTestCases.TestLoginPage" tests="1" failures="0" timestamp="16 Sep 2021 08:16:29 GMT" time="11.546" errors="0">
  <testcase name="testFacebookInvalidLogin" time="11.546" classname="WebApp.FacebookAutomation.FBLoginTestCases.TestLoginPage"/>
</testsuite> <!-- WebApp.FacebookAutomation.FBLoginTestCases.TestLoginPage -->
