<?xml version="1.0" encoding="UTF-8"?>
<!-- Generated by org.testng.reporters.JUnitReportReporter -->
<testsuite hostname="EC2AMAZ-JOSNI6E" name="WebApp.FacebookAutomation.FBLoginTestCases.TestLoginPage" tests="1" failures="0" timestamp="29 Aug 2021 10:15:03 GMT" time="10.105" errors="0">
  <testcase name="testFacebookInvalidLogin" time="10.105" classname="WebApp.FacebookAutomation.FBLoginTestCases.TestLoginPage"/>
</testsuite> <!-- WebApp.FacebookAutomation.FBLoginTestCases.TestLoginPage -->
